Configuring hnn-0.3...
Warning: 'ghc-options: -prof' is not necessary and will lead to problems when
used on a library. Use the configure flag --enable-library-profiling and/or
--enable-profiling.
Warning: 'ghc-options: -rtsopts' has no effect for libraries. It should only
be used for executables.
Building hnn-0.3...
Preprocessing library hnn-0.3...
[1 of 1] Compiling AI.HNN.FF.Network ( AI/HNN/FF/Network.hs, .stack-work/dist/x86_64-osx/Cabal-1.24.2.0/build/AI/HNN/FF/Network.o )

AI/HNN/FF/Network.hs:205:1: warning: [-Wredundant-constraints]
    • Redundant constraint: Storable a
    • In the type signature for:
           fromWeightMatrices :: Storable a =>
                                 V.Vector (Matrix a) -> Network a

AI/HNN/FF/Network.hs:217:1: warning: [-Wredundant-constraints]
    • Redundant constraints: (Storable a, Num (Vector a))
    • In the type signature for:
           output :: (Floating (Vector a), Numeric a, Storable a,
                      Num (Vector a)) =>
                     Network a -> ActivationFunction a -> Vector a -> Vector a

AI/HNN/FF/Network.hs:223:1: warning: [-Wredundant-constraints]
    • Redundant constraints: (Storable a, Num (Vector a))
    • In the type signature for:
           outputs :: (Floating (Vector a), Numeric a, Storable a,
                       Num (Vector a)) =>
                      Network a
                      -> ActivationFunction a -> Vector a -> V.Vector (Vector a)

AI/HNN/FF/Network.hs:228:1: warning: [-Wredundant-constraints]
    • Redundant constraints: (Floating a,
                              Container Vector a,
                              Num (Vector a))
    • In the type signature for:
           deltas :: (Floating (Vector a), Floating a, Numeric a,
                      Container Vector a, Num (Vector a)) =>
                     Network a
                     -> ActivationFunctionDerivative a
                     -> V.Vector (Vector a)
                     -> Vector a
                     -> V.Vector (Matrix a)

AI/HNN/FF/Network.hs:236:1: warning: [-Wredundant-constraints]
    • Redundant constraints: (Storable a,
                              Num (Vector a),
                              Container Vector a)
    • In the type signature for:
           updateNetwork :: (Floating (Vector a), Floating a, Numeric a,
                             Storable a, Num (Vector a), Container Vector a) =>
                            a
                            -> ActivationFunction a
                            -> ActivationFunctionDerivative a
                            -> Network a
                            -> Sample a
                            -> Network a

AI/HNN/FF/Network.hs:272:1: warning: [-Wredundant-constraints]
    • Redundant constraints: (Num (Vector a), Container Vector a)
    • In the type signature for:
           backpropOnce :: (Floating (Vector a), Floating a, Numeric a,
                            Num (Vector a), Container Vector a) =>
                           a
                           -> ActivationFunction a
                           -> ActivationFunctionDerivative a
                           -> Network a
                           -> Samples a
                           -> Network a

AI/HNN/FF/Network.hs:295:1: warning: [-Wredundant-constraints]
    • Redundant constraints: (Num (Vector a), Container Vector a)
    • In the type signature for:
           trainUntil :: (Floating (Vector a), Floating a, Numeric a,
                          Num (Vector a), Container Vector a) =>
                         (Int -> Network a -> Samples a -> Bool)
                         -> a
                         -> ActivationFunction a
                         -> ActivationFunctionDerivative a
                         -> Network a
                         -> Samples a
                         -> Network a

AI/HNN/FF/Network.hs:304:1: warning: [-Wredundant-constraints]
    • Redundant constraints: (Num (Vector a), Container Vector a)
    • In the type signature for:
           trainNTimes :: (Floating (Vector a), Floating a, Numeric a,
                           Num (Vector a), Container Vector a) =>
                          Int
                          -> a
                          -> ActivationFunction a
                          -> ActivationFunctionDerivative a
                          -> Network a
                          -> Samples a
                          -> Network a

AI/HNN/FF/Network.hs:310:1: warning: [-Wredundant-constraints]
    • Redundant constraint: Floating a
    • In the type signature for:
           quadError :: (Floating (Vector a), Floating a,
                         Fractional (RealOf a), Normed (Vector a), Numeric a) =>
                        ActivationFunction a -> Network a -> Samples a -> RealOf a

AI/HNN/FF/Network.hs:319:1: warning: [-Wredundant-constraints]
    • Redundant constraints: (Container Vector a,
                              Num (RealOf a),
                              Show a)
    • In the type signature for:
           trainUntilErrorBelow :: (Floating (Vector a), Floating a,
                                    Numeric a, Normed (Vector a), Ord a, Container Vector a,
                                    Num (RealOf a), a ~ RealOf a, Show a) =>
                                   a
                                   -> a
                                   -> ActivationFunction a
                                   -> ActivationFunctionDerivative a
                                   -> Network a
                                   -> Samples a
                                   -> Network a

AI/HNN/FF/Network.hs:342:1: warning: [-Wredundant-constraints]
    • Redundant constraint: Storable a
    • In the type signature for:
           loadNetwork :: (Storable a, Element a, Binary a) =>
                          FilePath -> IO (Network a)

AI/HNN/FF/Network.hs:347:1: warning: [-Wredundant-constraints]
    • Redundant constraint: Storable a
    • In the type signature for:
           saveNetwork :: (Storable a, Element a, Binary a) =>
                          FilePath -> Network a -> IO ()
Installing library in
/Users/klinkhae/research/haskell_ws/neural-algorithms/.stack-work/install/x86_64-osx/lts-7.18/8.0.1/lib/x86_64-osx-ghc-8.0.1/hnn-0.3-FFj4by4N6nNKK66rtK9l9v
Registering hnn-0.3...
